Arguments: 
  /snap/node/5485/bin/node /snap/node/5485/bin/yarn.js add node-sass

PATH: 
  /usr/local/sbin:/usr/local/bin:/usr/sbin:/usr/bin:/sbin:/bin:/usr/games:/usr/local/games:/snap/bin:/home/dmitry/.dotnet/tools:/home/dmitry/.dotnet/tools

Yarn version: 
  1.22.15

Node version: 
  14.18.1

Platform: 
  linux x64

Trace: 
  SyntaxError: /home/dmitry/lessions/react/react-app/package.json: Unexpected token } in JSON at position 505
      at JSON.parse (<anonymous>)
      at /snap/node/5485/lib/cli.js:1625:59
      at Generator.next (<anonymous>)
      at step (/snap/node/5485/lib/cli.js:310:30)
      at /snap/node/5485/lib/cli.js:321:13

npm manifest: 
  {
    "name": "my-app",
    "version": "0.1.0",
    "private": true,
    "dependencies": {
      "@testing-library/jest-dom": "^5.11.4",
      "@testing-library/react": "^11.1.0",
      "@testing-library/user-event": "^12.1.10",
      "@types/jest": "^26.0.15",
      "@types/node": "^12.0.0",
      "@types/react": "^17.0.0",
      "@types/react-dom": "^17.0.0",
      "react": "^17.0.2",
      "react-dom": "^17.0.2",
      "react-scripts": "4.0.3",
      "typescript": "^4.1.2",
      "web-vitals": "^1.0.1",
      "sass": "^1.38.0",
    },
    "scripts": {
      "start": "react-scripts start",
      "build": "react-scripts build",
      "test": "react-scripts test",
      "eject": "react-scripts eject"
    },
    "eslintConfig": {
      "extends": [
        "react-app",
        "react-app/jest"
      ]
    },
    "browserslist": {
      "production": [
        ">0.2%",
        "not dead",
        "not op_mini all"
      ],
      "development": [
        "last 1 chrome version",
        "last 1 firefox version",
        "last 1 safari version"
      ]
    },
    "devDependencies": {
      "@typescript-eslint/eslint-plugin": "^4.27.0",
      "@typescript-eslint/parser": "^4.27.0",
      "eslint": "^7.28.0",
      "eslint-config-airbnb-typescript": "^12.3.1",
      "eslint-config-airbnb-typescript-prettier": "^4.2.0",
      "eslint-config-prettier": "^8.3.0",
      "eslint-plugin-import": "^2.23.4",
      "eslint-plugin-jsx-a11y": "^6.4.1",
      "eslint-plugin-prettier": "^3.4.0",
      "eslint-plugin-react": "^7.24.0",
      "eslint-plugin-react-hooks": "^4.2.0",
      "prettier": "2.3.1",
      "typescript": "4.0"
    }
  }

yarn manifest: 
  No manifest

Lockfile: 
  No lockfile
